#
# There is insufficient memory for the Java Runtime Environment to continue.
# Native memory allocation (malloc) failed to allocate 31981568 bytes for committing reserved memory.
# Possible reasons:
#   The system is out of physical RAM or swap space
#   In 32 bit mode, the process size limit was hit
# Possible solutions:
#   Reduce memory load on the system
#   Increase physical memory or swap space
#   Check if swap backing store is full
#   Use 64 bit Java on a 64 bit OS
#   Decrease Java heap size (-Xmx/-Xms)
#   Decrease number of Java threads
#   Decrease Java thread stack sizes (-Xss)
#   Set larger code cache with -XX:ReservedCodeCacheSize=
# This output file may be truncated or incomplete.
#
#  Out of Memory Error (os_linux.cpp:2756), pid=17849, tid=140055467218688
#
# JRE version: Java(TM) SE Runtime Environment (7.0_76-b13) (build 1.7.0_76-b13)
# Java VM: Java HotSpot(TM) 64-Bit Server VM (24.76-b04 mixed mode linux-amd64 compressed oops)
# Failed to write core dump. Core dumps have been disabled. To enable core dumping, try "ulimit -c unlimited" before starting Java again
#

---------------  T H R E A D  ---------------

Current thread (0x00007f6138130800):  VMThread [stack: 0x00007f61344f5000,0x00007f61345f6000] [id=17862]

Stack: [0x00007f61344f5000,0x00007f61345f6000],  sp=0x00007f61345f40c0,  free space=1020k
Native frames: (J=compiled Java code, j=interpreted, Vv=VM code, C=native code)
V  [libjvm.so+0x9a32ba]  VMError::report_and_die()+0x2ea
V  [libjvm.so+0x497f7b]  report_vm_out_of_memory(char const*, int, unsigned long, char const*)+0x9b
V  [libjvm.so+0x81fcce]  os::Linux::commit_memory_impl(char*, unsigned long, bool)+0xfe
V  [libjvm.so+0x820219]  os::pd_commit_memory(char*, unsigned long, unsigned long, bool)+0x29
V  [libjvm.so+0x819faa]  os::commit_memory(char*, unsigned long, unsigned long, bool)+0x2a
V  [libjvm.so+0x88d843]  PSVirtualSpace::expand_by(unsigned long)+0x53
V  [libjvm.so+0x88ec18]  PSYoungGen::resize_generation(unsigned long, unsigned long)+0xf8
V  [libjvm.so+0x88dd82]  PSYoungGen::resize(unsigned long, unsigned long)+0x22
V  [libjvm.so+0x88b13d]  PSScavenge::invoke_no_policy()+0xf3d
V  [libjvm.so+0x88b981]  PSScavenge::invoke()+0x41
V  [libjvm.so+0x842300]  ParallelScavengeHeap::failed_mem_allocate(unsigned long)+0x70
V  [libjvm.so+0x9a4b47]  VM_ParallelGCFailedAllocation::doit()+0x97
V  [libjvm.so+0x9abfe5]  VM_Operation::evaluate()+0x55
V  [libjvm.so+0x9aa3aa]  VMThread::evaluate_operation(VM_Operation*)+0xba
V  [libjvm.so+0x9aa72e]  VMThread::loop()+0x1ce
V  [libjvm.so+0x9aaba0]  VMThread::run()+0x70
V  [libjvm.so+0x821ca8]  java_start(Thread*)+0x108

VM_Operation (0x00007f613ffd4c60): ParallelGCFailedAllocation, mode: safepoint, requested by thread 0x00007f613800a000


---------------  P R O C E S S  ---------------

Java Threads: ( => current thread )
  0x00007f6138160800 JavaThread "Service Thread" daemon [_thread_blocked, id=17868, stack(0x00007f612d356000,0x00007f612d457000)]
  0x00007f613815e000 JavaThread "C2 CompilerThread1" daemon [_thread_blocked, id=17867, stack(0x00007f612d457000,0x00007f612d558000)]
  0x00007f613815b000 JavaThread "C2 CompilerThread0" daemon [_thread_blocked, id=17866, stack(0x00007f61340f1000,0x00007f61341f2000)]
  0x00007f6138159000 JavaThread "Signal Dispatcher" daemon [_thread_blocked, id=17865, stack(0x00007f61341f2000,0x00007f61342f3000)]
  0x00007f6138137000 JavaThread "Finalizer" daemon [_thread_blocked, id=17864, stack(0x00007f61342f3000,0x00007f61343f4000)]
  0x00007f6138135000 JavaThread "Reference Handler" daemon [_thread_blocked, id=17863, stack(0x00007f61343f4000,0x00007f61344f5000)]
  0x00007f613800a000 JavaThread "main" [_thread_blocked, id=17857, stack(0x00007f613fed6000,0x00007f613ffd7000)]

Other Threads:
=>0x00007f6138130800 VMThread [stack: 0x00007f61344f5000,0x00007f61345f6000] [id=17862]
  0x00007f613816b000 WatcherThread [stack: 0x00007f612d255000,0x00007f612d356000] [id=17869]

VM state:at safepoint (normal execution)

VM Mutex/Monitor currently owned by a thread:  ([mutex/lock_event])
[0x00007f61380062e0] Threads_lock - owner thread: 0x00007f6138130800
[0x00007f61380067e0] Heap_lock - owner thread: 0x00007f613800a000

Heap
 PSYoungGen      total 36352K, used 5117K [0x00000000eaa80000, 0x00000000ed300000, 0x0000000100000000)
  eden space 31232K, 0% used [0x00000000eaa80000,0x00000000eaa80000,0x00000000ec900000)
  from space 5120K, 99% used [0x00000000ec900000,0x00000000ecdff5d8,0x00000000ece00000)
  to   space 5120K, 0% used [0x00000000ece00000,0x00000000ece00000,0x00000000ed300000)
 ParOldGen       total 82432K, used 14560K [0x00000000c0000000, 0x00000000c5080000, 0x00000000eaa80000)
  object space 82432K, 17% used [0x00000000c0000000,0x00000000c0e380d8,0x00000000c5080000)
 PSPermGen       total 21504K, used 5205K [0x00000000bae00000, 0x00000000bc300000, 0x00000000c0000000)
  object space 21504K, 24% used [0x00000000bae00000,0x00000000bb3155c8,0x00000000bc300000)

Card table byte_map: [0x00007f613cfa0000,0x00007f613d1ca000] byte_map_base: 0x00007f613c9c9000

Polling page: 0x00007f613ffff000

Code Cache  [0x00007f6135000000, 0x00007f6135270000, 0x00007f6138000000)
 total_blobs=350 nmethods=125 adapters=179 free_code_cache=48425Kb largest_free_block=49553344

Compilation events (10 events):
Event: 8,810 Thread 0x00007f613815e000  122             java.util.BitSet::initWords (15 bytes)
Event: 8,821 Thread 0x00007f613815e000 nmethod 122 0x00007f61350ad850 code [0x00007f61350ad9a0, 0x00007f61350adab8]
Event: 8,821 Thread 0x00007f613815b000 nmethod 121 0x00007f61350ad510 code [0x00007f61350ad660, 0x00007f61350ad798]
Event: 8,828 Thread 0x00007f613815e000  123             com.android.dx.ssa.SsaMethod::bitSetFromLabelList (47 bytes)
Event: 8,847 Thread 0x00007f613815e000 nmethod 123 0x00007f61350ac9d0 code [0x00007f61350acb60, 0x00007f61350acfe8]
Event: 8,869 Thread 0x00007f613815b000  124             java.util.AbstractCollection::<init> (5 bytes)
Event: 8,869 Thread 0x00007f613815b000 nmethod 124 0x00007f61350ac7d0 code [0x00007f61350ac900, 0x00007f61350ac958]
Event: 8,882 Thread 0x00007f613815b000  125             com.android.dx.ssa.SsaBasicBlock::newFromRop (183 bytes)
Event: 8,894 Thread 0x00007f613815e000  126             java.util.AbstractList::<init> (10 bytes)
Event: 8,895 Thread 0x00007f613815e000 nmethod 126 0x00007f61350ac590 code [0x00007f61350ac6c0, 0x00007f61350ac718]

GC Heap History (1 events):
Event: 9,038 GC heap before
{Heap before GC invocations=1 (full 0):
 PSYoungGen      total 36352K, used 31232K [0x00000000eaa80000, 0x00000000ed300000, 0x0000000100000000)
  eden space 31232K, 100% used [0x00000000eaa80000,0x00000000ec900000,0x00000000ec900000)
  from space 5120K, 0% used [0x00000000ece00000,0x00000000ece00000,0x00000000ed300000)
  to   space 5120K, 0% used [0x00000000ec900000,0x00000000ec900000,0x00000000ece00000)
 ParOldGen       total 82432K, used 0K [0x00000000c0000000, 0x00000000c5080000, 0x00000000eaa80000)
  object space 82432K, 0% used [0x00000000c0000000,0x00000000c0000000,0x00000000c5080000)
 PSPermGen       total 21504K, used 5205K [0x00000000bae00000, 0x00000000bc300000, 0x00000000c0000000)
  object space 21504K, 24% used [0x00000000bae00000,0x00000000bb3155c8,0x00000000bc300000)

Deoptimization events (6 events):
Event: 2,880 Thread 0x00007f613800a000 Uncommon trap: reason=class_check action=maybe_recompile pc=0x00007f613508453c method=com.android.dx.cf.code.BytecodeArray.parseInstruction(ILcom/android/dx/cf/code/BytecodeArray$Visitor;)I @ 2135
Event: 2,880 Thread 0x00007f613800a000 Uncommon trap: reason=class_check action=maybe_recompile pc=0x00007f6135084c08 method=com.android.dx.cf.code.BytecodeArray.parseInstruction(ILcom/android/dx/cf/code/BytecodeArray$Visitor;)I @ 2484
Event: 2,880 Thread 0x00007f613800a000 Uncommon trap: reason=class_check action=maybe_recompile pc=0x00007f61350830d0 method=com.android.dx.cf.code.BytecodeArray.parseInstruction(ILcom/android/dx/cf/code/BytecodeArray$Visitor;)I @ 1597
Event: 2,881 Thread 0x00007f613800a000 Uncommon trap: reason=class_check action=maybe_recompile pc=0x00007f6135084c08 method=com.android.dx.cf.code.BytecodeArray.parseInstruction(ILcom/android/dx/cf/code/BytecodeArray$Visitor;)I @ 2484
Event: 8,477 Thread 0x00007f613800a000 Uncommon trap: reason=class_check action=maybe_recompile pc=0x00007f61350a12dc method=com.android.dx.cf.code.BytecodeArray.parseInstruction(ILcom/android/dx/cf/code/BytecodeArray$Visitor;)I @ 2445
Event: 8,478 Thread 0x00007f613800a000 Uncommon trap: reason=class_check action=maybe_recompile pc=0x00007f61350936e0 method=com.android.dx.cf.code.Ropper.processBlock(Lcom/android/dx/cf/code/ByteBlock;Lcom/android/dx/cf/code/Frame;[I)V @ 956

Internal exceptions (10 events):
Event: 1,579 Thread 0x00007f613800a000 Threw 0x00000000eb0f8478 at /HUDSON/workspace/7u-2-build-linux-amd64/jdk7u76/1941/hotspot/src/share/vm/prims/jvm.cpp:1304
Event: 1,641 Thread 0x00007f613800a000 Threw 0x00000000eb136340 at /HUDSON/workspace/7u-2-build-linux-amd64/jdk7u76/1941/hotspot/src/share/vm/prims/jvm.cpp:1304
Event: 1,643 Thread 0x00007f613800a000 Threw 0x00000000eb139b00 at /HUDSON/workspace/7u-2-build-linux-amd64/jdk7u76/1941/hotspot/src/share/vm/prims/jvm.cpp:1304
Event: 1,644 Thread 0x00007f613800a000 Threw 0x00000000eb13d430 at /HUDSON/workspace/7u-2-build-linux-amd64/jdk7u76/1941/hotspot/src/share/vm/prims/jvm.cpp:1304
Event: 1,657 Thread 0x00007f613800a000 Threw 0x00000000eb14ab10 at /HUDSON/workspace/7u-2-build-linux-amd64/jdk7u76/1941/hotspot/src/share/vm/prims/jvm.cpp:1304
Event: 1,661 Thread 0x00007f613800a000 Threw 0x00000000eb152860 at /HUDSON/workspace/7u-2-build-linux-amd64/jdk7u76/1941/hotspot/src/share/vm/prims/jvm.cpp:1304
Event: 1,880 Thread 0x00007f613800a000 Threw 0x00000000eb2217b0 at /HUDSON/workspace/7u-2-build-linux-amd64/jdk7u76/1941/hotspot/src/share/vm/prims/jvm.cpp:1304
Event: 1,893 Thread 0x00007f613800a000 Threw 0x00000000eb230770 at /HUDSON/workspace/7u-2-build-linux-amd64/jdk7u76/1941/hotspot/src/share/vm/prims/jvm.cpp:1304
Event: 1,902 Thread 0x00007f613800a000 Threw 0x00000000eb236bc0 at /HUDSON/workspace/7u-2-build-linux-amd64/jdk7u76/1941/hotspot/src/share/vm/prims/jvm.cpp:1304
Event: 3,282 Thread 0x00007f613800a000 Threw 0x00000000eb576ac8 at /HUDSON/workspace/7u-2-build-linux-amd64/jdk7u76/1941/hotspot/src/share/vm/prims/jvm.cpp:1304

Events (10 events):
Event: 3,281 loading class 0x00007f6138244ed0 done
Event: 4,373 Executing VM operation: EnableBiasedLocking
Event: 4,389 Executing VM operation: EnableBiasedLocking done
Event: 8,473 Thread 0x00007f613800a000 Uncommon trap: trap_request=0xffffffde fr.pc=0x00007f61350a12dc
Event: 8,477 Thread 0x00007f613800a000 DEOPT PACKING pc=0x00007f61350a12dc sp=0x00007f613ffd4f00
Event: 8,477 Thread 0x00007f613800a000 DEOPT UNPACKING pc=0x00007f6135039045 sp=0x00007f613ffd4e88 mode 2
Event: 8,477 Thread 0x00007f613800a000 Uncommon trap: trap_request=0xffffffde fr.pc=0x00007f61350936e0
Event: 8,478 Thread 0x00007f613800a000 DEOPT PACKING pc=0x00007f61350936e0 sp=0x00007f613ffd4f60
Event: 8,478 Thread 0x00007f613800a000 DEOPT UNPACKING pc=0x00007f6135039045 sp=0x00007f613ffd4ef8 mode 2
Event: 8,965 Executing VM operation: ParallelGCFailedAllocation


Dynamic libraries:
00400000-00401000 r-xp 00000000 fc:00 5905779                            /usr/lib/jvm/java-7-oracle/jre/bin/java
00600000-00601000 rw-p 00000000 fc:00 5905779                            /usr/lib/jvm/java-7-oracle/jre/bin/java
00614000-00635000 rw-p 00000000 00:00 0                                  [heap]
bae00000-bc300000 rw-p 00000000 00:00 0 
bc300000-c0000000 rw-p 00000000 00:00 0 
c0000000-c5080000 rw-p 00000000 00:00 0 
c5080000-eaa80000 rw-p 00000000 00:00 0 
eaa80000-ed300000 rw-p 00000000 00:00 0 
ef180000-100000000 rw-p 00000000 00:00 0 
7f6100000000-7f6100021000 rw-p 00000000 00:00 0 
7f6100021000-7f6104000000 ---p 00000000 00:00 0 
7f6104000000-7f6104021000 rw-p 00000000 00:00 0 
7f6104021000-7f6108000000 ---p 00000000 00:00 0 
7f6108000000-7f6108873000 rw-p 00000000 00:00 0 
7f6108873000-7f610c000000 ---p 00000000 00:00 0 
7f610c000000-7f610c8ff000 rw-p 00000000 00:00 0 
7f610c8ff000-7f6110000000 ---p 00000000 00:00 0 
7f6110000000-7f6110021000 rw-p 00000000 00:00 0 
7f6110021000-7f6114000000 ---p 00000000 00:00 0 
7f6114000000-7f6114021000 rw-p 00000000 00:00 0 
7f6114021000-7f6118000000 ---p 00000000 00:00 0 
7f6118000000-7f6118021000 rw-p 00000000 00:00 0 
7f6118021000-7f611c000000 ---p 00000000 00:00 0 
7f611c000000-7f611c021000 rw-p 00000000 00:00 0 
7f611c021000-7f6120000000 ---p 00000000 00:00 0 
7f6120000000-7f6120021000 rw-p 00000000 00:00 0 
7f6120021000-7f6124000000 ---p 00000000 00:00 0 
7f6124000000-7f6124021000 rw-p 00000000 00:00 0 
7f6124021000-7f6128000000 ---p 00000000 00:00 0 
7f6128000000-7f6128021000 rw-p 00000000 00:00 0 
7f6128021000-7f612c000000 ---p 00000000 00:00 0 
7f612ccc0000-7f612ce2d000 rw-p 00000000 00:00 0 
7f612ce2d000-7f612ce43000 r-xp 00000000 fc:00 5905566                    /usr/lib/jvm/java-7-oracle/jre/lib/amd64/libnet.so
7f612ce43000-7f612d043000 ---p 00016000 fc:00 5905566                    /usr/lib/jvm/java-7-oracle/jre/lib/amd64/libnet.so
7f612d043000-7f612d044000 rw-p 00016000 fc:00 5905566                    /usr/lib/jvm/java-7-oracle/jre/lib/amd64/libnet.so
7f612d044000-7f612d054000 r-xp 00000000 fc:00 5905575                    /usr/lib/jvm/java-7-oracle/jre/lib/amd64/libnio.so
7f612d054000-7f612d254000 ---p 00010000 fc:00 5905575                    /usr/lib/jvm/java-7-oracle/jre/lib/amd64/libnio.so
7f612d254000-7f612d255000 rw-p 00010000 fc:00 5905575                    /usr/lib/jvm/java-7-oracle/jre/lib/amd64/libnio.so
7f612d255000-7f612d256000 ---p 00000000 00:00 0 
7f612d256000-7f612d356000 rw-p 00000000 00:00 0                          [stack:17869]
7f612d356000-7f612d359000 ---p 00000000 00:00 0 
7f612d359000-7f612d457000 rw-p 00000000 00:00 0                          [stack:17868]
7f612d457000-7f612d45a000 ---p 00000000 00:00 0 
7f612d45a000-7f612d558000 rw-p 00000000 00:00 0                          [stack:17867]
7f612d558000-7f612dd70000 r--p 00000000 fc:00 13638472                   /usr/lib/locale/locale-archive
7f612dd70000-7f6130000000 rw-p 00000000 00:00 0 
7f6130000000-7f6130021000 rw-p 00000000 00:00 0 
7f6130021000-7f6134000000 ---p 00000000 00:00 0 
7f6134016000-7f61340f1000 rw-p 00000000 00:00 0 
7f61340f1000-7f61340f4000 ---p 00000000 00:00 0 
7f61340f4000-7f61341f2000 rw-p 00000000 00:00 0                          [stack:17866]
7f61341f2000-7f61341f5000 ---p 00000000 00:00 0 
7f61341f5000-7f61342f3000 rw-p 00000000 00:00 0                          [stack:17865]
7f61342f3000-7f61342f6000 ---p 00000000 00:00 0 
7f61342f6000-7f61343f4000 rw-p 00000000 00:00 0                          [stack:17864]
7f61343f4000-7f61343f7000 ---p 00000000 00:00 0 
7f61343f7000-7f61344f5000 rw-p 00000000 00:00 0                          [stack:17863]
7f61344f5000-7f61344f6000 ---p 00000000 00:00 0 
7f61344f6000-7f6135000000 rw-p 00000000 00:00 0                          [stack:17862]
7f6135000000-7f6135270000 rwxp 00000000 00:00 0 
7f6135270000-7f6138299000 rw-p 00000000 00:00 0 
7f6138299000-7f613c000000 ---p 00000000 00:00 0 
7f613c009000-7f613c014000 r--s 0006d000 00:1a 1847051                    /home/souldragon/AndroidStudioProjects/LookAtME/app/build/intermediates/exploded-aar/com.google.android.gms/play-services-analytics/7.0.0/classes.jar
7f613c014000-7f613c564000 rw-p 00000000 00:00 0 
7f613c564000-7f613c723000 r--s 039f0000 fc:00 5905039                    /usr/lib/jvm/java-7-oracle/jre/lib/rt.jar
7f613c723000-7f613ca1d000 rw-p 00000000 00:00 0 
7f613ca1d000-7f613ca1e000 ---p 00000000 00:00 0 
7f613ca1e000-7f613cb1e000 rw-p 00000000 00:00 0                          [stack:17861]
7f613cb1e000-7f613cb1f000 ---p 00000000 00:00 0 
7f613cb1f000-7f613cc1f000 rw-p 00000000 00:00 0                          [stack:17860]
7f613cc1f000-7f613cc20000 ---p 00000000 00:00 0 
7f613cc20000-7f613cd20000 rw-p 00000000 00:00 0                          [stack:17859]
7f613cd20000-7f613cd21000 ---p 00000000 00:00 0 
7f613cd21000-7f613ce2c000 rw-p 00000000 00:00 0                          [stack:17858]
7f613ce2c000-7f613ce4a000 rw-p 00000000 00:00 0 
7f613ce4a000-7f613ce73000 rw-p 00000000 00:00 0 
7f613ce73000-7f613cfa0000 rw-p 00000000 00:00 0 
7f613cfa0000-7f613cfab000 rw-p 00000000 00:00 0 
7f613cfab000-7f613cfc9000 rw-p 00000000 00:00 0 
7f613cfc9000-7f613cff2000 rw-p 00000000 00:00 0 
7f613cff2000-7f613d11e000 rw-p 00000000 00:00 0 
7f613d11e000-7f613d133000 rw-p 00000000 00:00 0 
7f613d133000-7f613d1c9000 rw-p 00000000 00:00 0 
7f613d1c9000-7f613d1ca000 rw-p 00000000 00:00 0 
7f613d1ca000-7f613d1e4000 r-xp 00000000 fc:00 5905585                    /usr/lib/jvm/java-7-oracle/jre/lib/amd64/libzip.so
7f613d1e4000-7f613d3e4000 ---p 0001a000 fc:00 5905585                    /usr/lib/jvm/java-7-oracle/jre/lib/amd64/libzip.so
7f613d3e4000-7f613d3e5000 rw-p 0001a000 fc:00 5905585                    /usr/lib/jvm/java-7-oracle/jre/lib/amd64/libzip.so
7f613d3e5000-7f613d3f0000 r-xp 00000000 fc:00 10883224                   /lib/x86_64-linux-gnu/libnss_files-2.19.so
7f613d3f0000-7f613d5ef000 ---p 0000b000 fc:00 10883224                   /lib/x86_64-linux-gnu/libnss_files-2.19.so
7f613d5ef000-7f613d5f0000 r--p 0000a000 fc:00 10883224                   /lib/x86_64-linux-gnu/libnss_files-2.19.so
7f613d5f0000-7f613d5f1000 rw-p 0000b000 fc:00 10883224                   /lib/x86_64-linux-gnu/libnss_files-2.19.so
7f613d5f1000-7f613d5fc000 r-xp 00000000 fc:00 10884027                   /lib/x86_64-linux-gnu/libnss_nis-2.19.so
7f613d5fc000-7f613d7fb000 ---p 0000b000 fc:00 10884027                   /lib/x86_64-linux-gnu/libnss_nis-2.19.so
7f613d7fb000-7f613d7fc000 r--p 0000a000 fc:00 10884027                   /lib/x86_64-linux-gnu/libnss_nis-2.19.so
7f613d7fc000-7f613d7fd000 rw-p 0000b000 fc:00 10884027                   /lib/x86_64-linux-gnu/libnss_nis-2.19.so
7f613d7fd000-7f613d814000 r-xp 00000000 fc:00 10883252                   /lib/x86_64-linux-gnu/libnsl-2.19.so
7f613d814000-7f613da13000 ---p 00017000 fc:00 10883252                   /lib/x86_64-linux-gnu/libnsl-2.19.so
7f613da13000-7f613da14000 r--p 00016000 fc:00 10883252                   /lib/x86_64-linux-gnu/libnsl-2.19.so
7f613da14000-7f613da15000 rw-p 00017000 fc:00 10883252                   /lib/x86_64-linux-gnu/libnsl-2.19.so
7f613da15000-7f613da17000 rw-p 00000000 00:00 0 
7f613da17000-7f613da20000 r-xp 00000000 fc:00 10883248                   /lib/x86_64-linux-gnu/libnss_compat-2.19.so
7f613da20000-7f613dc1f000 ---p 00009000 fc:00 10883248                   /lib/x86_64-linux-gnu/libnss_compat-2.19.so
7f613dc1f000-7f613dc20000 r--p 00008000 fc:00 10883248                   /lib/x86_64-linux-gnu/libnss_compat-2.19.so
7f613dc20000-7f613dc21000 rw-p 00009000 fc:00 10883248                   /lib/x86_64-linux-gnu/libnss_compat-2.19.so
7f613dc21000-7f613dc4a000 r-xp 00000000 fc:00 5905563                    /usr/lib/jvm/java-7-oracle/jre/lib/amd64/libjava.so
7f613dc4a000-7f613de4a000 ---p 00029000 fc:00 5905563                    /usr/lib/jvm/java-7-oracle/jre/lib/amd64/libjava.so
7f613de4a000-7f613de4c000 rw-p 00029000 fc:00 5905563                    /usr/lib/jvm/java-7-oracle/jre/lib/amd64/libjava.so
7f613de4c000-7f613de59000 r-xp 00000000 fc:00 5905611                    /usr/lib/jvm/java-7-oracle/jre/lib/amd64/libverify.so
7f613de59000-7f613e058000 ---p 0000d000 fc:00 5905611                    /usr/lib/jvm/java-7-oracle/jre/lib/amd64/libverify.so
7f613e058000-7f613e05a000 rw-p 0000c000 fc:00 5905611                    /usr/lib/jvm/java-7-oracle/jre/lib/amd64/libverify.so
7f613e05a000-7f613e061000 r-xp 00000000 fc:00 10884023                   /lib/x86_64-linux-gnu/librt-2.19.so
7f613e061000-7f613e260000 ---p 00007000 fc:00 10884023                   /lib/x86_64-linux-gnu/librt-2.19.so
7f613e260000-7f613e261000 r--p 00006000 fc:00 10884023                   /lib/x86_64-linux-gnu/librt-2.19.so
7f613e261000-7f613e262000 rw-p 00007000 fc:00 10884023                   /lib/x86_64-linux-gnu/librt-2.19.so
7f613e262000-7f613e367000 r-xp 00000000 fc:00 10882903                   /lib/x86_64-linux-gnu/libm-2.19.so
7f613e367000-7f613e566000 ---p 00105000 fc:00 10882903                   /lib/x86_64-linux-gnu/libm-2.19.so
7f613e566000-7f613e567000 r--p 00104000 fc:00 10882903                   /lib/x86_64-linux-gnu/libm-2.19.so
7f613e567000-7f613e568000 rw-p 00105000 fc:00 10882903                   /lib/x86_64-linux-gnu/libm-2.19.so
7f613e568000-7f613f0dd000 r-xp 00000000 fc:00 5905596                    /usr/lib/jvm/java-7-oracle/jre/lib/amd64/server/libjvm.so
7f613f0dd000-7f613f2dd000 ---p 00b75000 fc:00 5905596                    /usr/lib/jvm/java-7-oracle/jre/lib/amd64/server/libjvm.so
7f613f2dd000-7f613f3a1000 rw-p 00b75000 fc:00 5905596                    /usr/lib/jvm/java-7-oracle/jre/lib/amd64/server/libjvm.so
7f613f3a1000-7f613f3e2000 rw-p 00000000 00:00 0 
7f613f3e2000-7f613f59d000 r-xp 00000000 fc:00 10884010                   /lib/x86_64-linux-gnu/libc-2.19.so
7f613f59d000-7f613f79c000 ---p 001bb000 fc:00 10884010                   /lib/x86_64-linux-gnu/libc-2.19.so
7f613f79c000-7f613f7a0000 r--p 001ba000 fc:00 10884010                   /lib/x86_64-linux-gnu/libc-2.19.so
7f613f7a0000-7f613f7a2000 rw-p 001be000 fc:00 10884010                   /lib/x86_64-linux-gnu/libc-2.19.so
7f613f7a2000-7f613f7a7000 rw-p 00000000 00:00 0 
7f613f7a7000-7f613f7aa000 r-xp 00000000 fc:00 10883230                   /lib/x86_64-linux-gnu/libdl-2.19.so
7f613f7aa000-7f613f9a9000 ---p 00003000 fc:00 10883230                   /lib/x86_64-linux-gnu/libdl-2.19.so
7f613f9a9000-7f613f9aa000 r--p 00002000 fc:00 10883230                   /lib/x86_64-linux-gnu/libdl-2.19.so
7f613f9aa000-7f613f9ab000 rw-p 00003000 fc:00 10883230                   /lib/x86_64-linux-gnu/libdl-2.19.so
7f613f9ab000-7f613f9c1000 r-xp 00000000 fc:00 5905593                    /usr/lib/jvm/java-7-oracle/jre/lib/amd64/jli/libjli.so
7f613f9c1000-7f613fbc1000 ---p 00016000 fc:00 5905593                    /usr/lib/jvm/java-7-oracle/jre/lib/amd64/jli/libjli.so
7f613fbc1000-7f613fbc2000 rw-p 00016000 fc:00 5905593                    /usr/lib/jvm/java-7-oracle/jre/lib/amd64/jli/libjli.so
7f613fbc2000-7f613fbdb000 r-xp 00000000 fc:00 10884015                   /lib/x86_64-linux-gnu/libpthread-2.19.so
7f613fbdb000-7f613fdda000 ---p 00019000 fc:00 10884015                   /lib/x86_64-linux-gnu/libpthread-2.19.so
7f613fdda000-7f613fddb000 r--p 00018000 fc:00 10884015                   /lib/x86_64-linux-gnu/libpthread-2.19.so
7f613fddb000-7f613fddc000 rw-p 00019000 fc:00 10884015                   /lib/x86_64-linux-gnu/libpthread-2.19.so
7f613fddc000-7f613fde0000 rw-p 00000000 00:00 0 
7f613fde0000-7f613fe03000 r-xp 00000000 fc:00 10883260                   /lib/x86_64-linux-gnu/ld-2.19.so
7f613fe07000-7f613fe16000 r--s 000dd000 00:1a 2638659                    /home/souldragon/Android/Sdk/build-tools/21.1.2/lib/dx.jar
7f613fe16000-7f613fe20000 rw-p 00000000 00:00 0 
7f613fe20000-7f613fed6000 rw-p 00000000 00:00 0 
7f613fed6000-7f613fed9000 ---p 00000000 00:00 0 
7f613fed9000-7f613ffdb000 rw-p 00000000 00:00 0                          [stack:17857]
7f613ffdf000-7f613fff6000 rw-p 00000000 00:00 0 
7f613fff6000-7f613fffe000 rw-s 00000000 fc:00 1055548                    /tmp/hsperfdata_souldragon/17849
7f613fffe000-7f613ffff000 rw-p 00000000 00:00 0 
7f613ffff000-7f6140000000 ---p 00000000 00:00 0 
7f6140000000-7f6140002000 rw-p 00000000 00:00 0 
7f6140002000-7f6140003000 r--p 00022000 fc:00 10883260                   /lib/x86_64-linux-gnu/ld-2.19.so
7f6140003000-7f6140004000 rw-p 00023000 fc:00 10883260                   /lib/x86_64-linux-gnu/ld-2.19.so
7f6140004000-7f6140005000 rw-p 00000000 00:00 0 
7fff6b72c000-7fff6b74d000 rw-p 00000000 00:00 0                          [stack]
7fff6b79d000-7fff6b79f000 r-xp 00000000 00:00 0                          [vdso]
ffffffffff600000-ffffffffff601000 r-xp 00000000 00:00 0                  [vsyscall]

VM Arguments:
jvm_args: -Xmx1024M 
java_command: /home/souldragon/Android/Sdk/build-tools/21.1.2/lib/dx.jar --dex --output /home/souldragon/AndroidStudioProjects/LookAtME/app/build/intermediates/pre-dexed/demo/debug/classes-73a004fcccb3e7798990b607c08f41a0aa880a46.jar /home/souldragon/AndroidStudioProjects/LookAtME/app/build/intermediates/exploded-aar/com.google.android.gms/play-services-analytics/7.0.0/classes.jar
Launcher Type: SUN_STANDARD

Environment Variables:
JAVA_HOME=/usr/lib/jvm/java-7-oracle
PATH=/usr/local/sbin:/usr/local/bin:/usr/sbin:/usr/bin:/sbin:/bin:/usr/games:/usr/local/games:$HOME/Downloads/android-studio/bin:$HOME/Downloads/idea/bin:$JAVA_HOME:$MAVEN_OPTS
LD_LIBRARY_PATH=/home/souldragon/Downloads/android-studio/bin:
SHELL=/bin/bash
DISPLAY=:0

Signal Handlers:
SIGSEGV: [libjvm.so+0x9a3bd0], sa_mask[0]=0x7ffbfeff, sa_flags=0x10000004
SIGBUS: [libjvm.so+0x9a3bd0], sa_mask[0]=0x7ffbfeff, sa_flags=0x10000004
SIGFPE: [libjvm.so+0x81cb60], sa_mask[0]=0x7ffbfeff, sa_flags=0x10000004
SIGPIPE: [libjvm.so+0x81cb60], sa_mask[0]=0x7ffbfeff, sa_flags=0x10000004
SIGXFSZ: [libjvm.so+0x81cb60], sa_mask[0]=0x7ffbfeff, sa_flags=0x10000004
SIGILL: [libjvm.so+0x81cb60], sa_mask[0]=0x7ffbfeff, sa_flags=0x10000004
SIGUSR1: SIG_DFL, sa_mask[0]=0x00000000, sa_flags=0x00000000
SIGUSR2: [libjvm.so+0x81e360], sa_mask[0]=0x00000004, sa_flags=0x10000004
SIGHUP: [libjvm.so+0x81f480], sa_mask[0]=0x7ffbfeff, sa_flags=0x10000004
SIGINT: [libjvm.so+0x81f480], sa_mask[0]=0x7ffbfeff, sa_flags=0x10000004
SIGTERM: [libjvm.so+0x81f480], sa_mask[0]=0x7ffbfeff, sa_flags=0x10000004
SIGQUIT: [libjvm.so+0x81f480], sa_mask[0]=0x7ffbfeff, sa_flags=0x10000004


---------------  S Y S T E M  ---------------

OS:jessie/sid

uname:Linux 3.13.0-46-generic #79-Ubuntu SMP Tue Mar 10 20:06:50 UTC 2015 x86_64
libc:glibc 2.19 NPTL 2.19 
rlimit: STACK 8192k, CORE 0k, NPROC 61076, NOFILE 4096, AS infinity
load average:14,01 5,64 3,66

/proc/meminfo:
MemTotal:        7914384 kB
MemFree:          166056 kB
Buffers:             416 kB
Cached:           136240 kB
SwapCached:            0 kB
Active:          6570784 kB
Inactive:         130428 kB
Active(anon):    6569404 kB
Inactive(anon):    81140 kB
Active(file):       1380 kB
Inactive(file):    49288 kB
Unevictable:        1040 kB
Mlocked:            1040 kB
SwapTotal:             0 kB
SwapFree:              0 kB
Dirty:                 0 kB
Writeback:            40 kB
AnonPages:       6566264 kB
Mapped:            97160 kB
Shmem:             85320 kB
Slab:             148844 kB
SReclaimable:      54160 kB
SUnreclaim:        94684 kB
KernelStack:        8272 kB
PageTables:        75420 kB
NFS_Unstable:          0 kB
Bounce:                0 kB
WritebackTmp:          0 kB
CommitLimit:     3957192 kB
Committed_AS:   13187952 kB
VmallocTotal:   34359738367 kB
VmallocUsed:       67068 kB
VmallocChunk:   34359578352 kB
HardwareCorrupted:     0 kB
AnonHugePages:   2717696 kB
HugePages_Total:       0
HugePages_Free:        0
HugePages_Rsvd:        0
HugePages_Surp:        0
Hugepagesize:       2048 kB
DirectMap4k:      103716 kB
DirectMap2M:     3823616 kB
DirectMap1G:     4194304 kB


CPU:total 4 (4 cores per cpu, 1 threads per core) family 16 model 5 stepping 3, cmov, cx8, fxsr, mmx, sse, sse2, sse3, popcnt, mmxext, 3dnowpref, lzcnt, sse4a, tsc, tscinvbit, tscinv

/proc/cpuinfo:
processor	: 0
vendor_id	: AuthenticAMD
cpu family	: 16
model		: 5
model name	: AMD Phenom(tm) II N930 Quad-Core Processor
stepping	: 3
microcode	: 0x10000b6
cpu MHz		: 2000.000
cache size	: 512 KB
physical id	: 0
siblings	: 4
core id		: 0
cpu cores	: 4
apicid		: 0
initial apicid	: 0
fpu		: yes
fpu_exception	: yes
cpuid level	: 5
wp		: yes
flags		: fpu vme de pse tsc msr pae mce cx8 apic sep mtrr pge mca cmov pat pse36 clflush mmx fxsr sse sse2 ht syscall nx mmxext fxsr_opt pdpe1gb rdtscp lm 3dnowext 3dnow constant_tsc rep_good nopl nonstop_tsc extd_apicid pni monitor cx16 popcnt lahf_lm cmp_legacy svm extapic cr8_legacy abm sse4a misalignsse 3dnowprefetch osvw ibs skinit wdt nodeid_msr hw_pstate npt lbrv svm_lock nrip_save vmmcall
bogomips	: 3990.18
TLB size	: 1024 4K pages
clflush size	: 64
cache_alignment	: 64
address sizes	: 48 bits physical, 48 bits virtual
power management: ts ttp tm stc 100mhzsteps hwpstate

processor	: 1
vendor_id	: AuthenticAMD
cpu family	: 16
model		: 5
model name	: AMD Phenom(tm) II N930 Quad-Core Processor
stepping	: 3
microcode	: 0x10000b6
cpu MHz		: 2000.000
cache size	: 512 KB
physical id	: 0
siblings	: 4
core id		: 1
cpu cores	: 4
apicid		: 1
initial apicid	: 1
fpu		: yes
fpu_exception	: yes
cpuid level	: 5
wp		: yes
flags		: fpu vme de pse tsc msr pae mce cx8 apic sep mtrr pge mca cmov pat pse36 clflush mmx fxsr sse sse2 ht syscall nx mmxext fxsr_opt pdpe1gb rdtscp lm 3dnowext 3dnow constant_tsc rep_good nopl nonstop_tsc extd_apicid pni monitor cx16 popcnt lahf_lm cmp_legacy svm extapic cr8_legacy abm sse4a misalignsse 3dnowprefetch osvw ibs skinit wdt nodeid_msr hw_pstate npt lbrv svm_lock nrip_save vmmcall
bogomips	: 3990.18
TLB size	: 1024 4K pages
clflush size	: 64
cache_alignment	: 64
address sizes	: 48 bits physical, 48 bits virtual
power management: ts ttp tm stc 100mhzsteps hwpstate

processor	: 2
vendor_id	: AuthenticAMD
cpu family	: 16
model		: 5
model name	: AMD Phenom(tm) II N930 Quad-Core Processor
stepping	: 3
microcode	: 0x10000b6
cpu MHz		: 2000.000
cache size	: 512 KB
physical id	: 0
siblings	: 4
core id		: 2
cpu cores	: 4
apicid		: 2
initial apicid	: 2
fpu		: yes
fpu_exception	: yes
cpuid level	: 5
wp		: yes
flags		: fpu vme de pse tsc msr pae mce cx8 apic sep mtrr pge mca cmov pat pse36 clflush mmx fxsr sse sse2 ht syscall nx mmxext fxsr_opt pdpe1gb rdtscp lm 3dnowext 3dnow constant_tsc rep_good nopl nonstop_tsc extd_apicid pni monitor cx16 popcnt lahf_lm cmp_legacy svm extapic cr8_legacy abm sse4a misalignsse 3dnowprefetch osvw ibs skinit wdt nodeid_msr hw_pstate npt lbrv svm_lock nrip_save vmmcall
bogomips	: 3990.18
TLB size	: 1024 4K pages
clflush size	: 64
cache_alignment	: 64
address sizes	: 48 bits physical, 48 bits virtual
power management: ts ttp tm stc 100mhzsteps hwpstate

processor	: 3
vendor_id	: AuthenticAMD
cpu family	: 16
model		: 5
model name	: AMD Phenom(tm) II N930 Quad-Core Processor
stepping	: 3
microcode	: 0x10000b6
cpu MHz		: 2000.000
cache size	: 512 KB
physical id	: 0
siblings	: 4
core id		: 3
cpu cores	: 4
apicid		: 3
initial apicid	: 3
fpu		: yes
fpu_exception	: yes
cpuid level	: 5
wp		: yes
flags		: fpu vme de pse tsc msr pae mce cx8 apic sep mtrr pge mca cmov pat pse36 clflush mmx fxsr sse sse2 ht syscall nx mmxext fxsr_opt pdpe1gb rdtscp lm 3dnowext 3dnow constant_tsc rep_good nopl nonstop_tsc extd_apicid pni monitor cx16 popcnt lahf_lm cmp_legacy svm extapic cr8_legacy abm sse4a misalignsse 3dnowprefetch osvw ibs skinit wdt nodeid_msr hw_pstate npt lbrv svm_lock nrip_save vmmcall
bogomips	: 3990.18
TLB size	: 1024 4K pages
clflush size	: 64
cache_alignment	: 64
address sizes	: 48 bits physical, 48 bits virtual
power management: ts ttp tm stc 100mhzsteps hwpstate



Memory: 4k page, physical 7914384k(164816k free), swap 0k(0k free)

vm_info: Java HotSpot(TM) 64-Bit Server VM (24.76-b04) for linux-amd64 JRE (1.7.0_76-b13), built on Dec 18 2014 16:58:39 by "java_re" with gcc 4.3.0 20080428 (Red Hat 4.3.0-8)

time: Tue Mar 31 16:54:38 2015
elapsed time: 14 seconds

